# JRE version: OpenJDK Runtime Environment (11.0.11+9) (build 11.0.11+9-b60-7590822)
# Java VM: OpenJDK 64-Bit Server VM (11.0.11+9-b60-7590822, mixed mode, tiered, compressed oops, g1 gc, windows-amd64)
Heap:
 garbage-first heap   total 254976K, used 150509K [0x0000000080000000, 0x0000000100000000)
  region size 1024K, 8 young (8192K), 2 survivors (2048K)
 Metaspace       used 148414K, capacity 154067K, committed 154444K, reserved 1183744K
  class space    used 18197K, capacity 20166K, committed 20300K, reserved 1048576K
GC Heap History (20 events):
Event: 2513.725 GC heap before
{Heap before GC invocations=302 (full 0):
 garbage-first heap   total 254976K, used 163458K [0x0000000080000000, 0x0000000100000000)
  region size 1024K, 25 young (25600K), 2 survivors (2048K)
 Metaspace       used 147704K, capacity 153259K, committed 153676K, reserved 1183744K
  class space    used 18156K, capacity 20117K, committed 20300K, reserved 1048576K
}
Event: 2513.739 GC heap after
{Heap after GC invocations=303 (full 0):
 garbage-first heap   total 254976K, used 145438K [0x0000000080000000, 0x0000000100000000)
  region size 1024K, 5 young (5120K), 5 survivors (5120K)
 Metaspace       used 147704K, capacity 153259K, committed 153676K, reserved 1183744K
  class space    used 18156K, capacity 20117K, committed 20300K, reserved 1048576K
}
Event: 2515.995 GC heap before
{Heap before GC invocations=304 (full 0):
 garbage-first heap   total 254976K, used 211998K [0x0000000080000000, 0x0000000100000000)
  region size 1024K, 65 young (66560K), 5 survivors (5120K)
 Metaspace       used 148278K, capacity 153889K, committed 154188K, reserved 1183744K
  class space    used 18182K, capacity 20156K, committed 20300K, reserved 1048576K
}
Event: 2516.001 GC heap after
{Heap after GC invocations=305 (full 0):
 garbage-first heap   total 254976K, used 147857K [0x0000000080000000, 0x0000000100000000)
  region size 1024K, 5 young (5120K), 5 survivors (5120K)
 Metaspace       used 148278K, capacity 153889K, committed 154188K, reserved 1183744K
  class space    used 18182K, capacity 20156K, committed 20300K, reserved 1048576K
}
Event: 2516.028 GC heap before
{Heap before GC invocations=305 (full 0):
 garbage-first heap   total 254976K, used 155025K [0x0000000080000000, 0x0000000100000000)
  region size 1024K, 12 young (12288K), 5 survivors (5120K)
 Metaspace       used 148315K, capacity 153892K, committed 154188K, reserved 1183744K
  class space    used 18186K, capacity 20156K, committed 20300K, reserved 1048576K
}
Event: 2516.038 GC heap after
{Heap after GC invocations=306 (full 0):
 garbage-first heap   total 254976K, used 141915K [0x0000000080000000, 0x0000000100000000)
  region size 1024K, 2 young (2048K), 2 survivors (2048K)
 Metaspace       used 148315K, capacity 153892K, committed 154188K, reserved 1183744K
  class space    used 18186K, capacity 20156K, committed 20300K, reserved 1048576K
}
Event: 2516.281 GC heap before
{Heap before GC invocations=306 (full 0):
 garbage-first heap   total 254976K, used 205403K [0x0000000080000000, 0x0000000100000000)
  region size 1024K, 65 young (66560K), 2 survivors (2048K)
 Metaspace       used 148506K, capacity 154134K, committed 154444K, reserved 1183744K
  class space    used 18213K, capacity 20194K, committed 20300K, reserved 1048576K
}
Event: 2516.298 GC heap after
{Heap after GC invocations=307 (full 0):
 garbage-first heap   total 254976K, used 150011K [0x0000000080000000, 0x0000000100000000)
  region size 1024K, 9 young (9216K), 9 survivors (9216K)
 Metaspace       used 148506K, capacity 154134K, committed 154444K, reserved 1183744K
  class space    used 18213K, capacity 20194K, committed 20300K, reserved 1048576K
}
Event: 2516.667 GC heap before
{Heap before GC invocations=307 (full 0):
 garbage-first heap   total 254976K, used 208379K [0x0000000080000000, 0x0000000100000000)
  region size 1024K, 66 young (67584K), 9 survivors (9216K)
 Metaspace       used 148271K, capacity 153831K, committed 154444K, reserved 1183744K
  class space    used 18190K, capacity 20154K, committed 20300K, reserved 1048576K
}
Event: 2516.683 GC heap after
{Heap after GC invocations=308 (full 0):
 garbage-first heap   total 254976K, used 149962K [0x0000000080000000, 0x0000000100000000)
  region size 1024K, 4 young (4096K), 4 survivors (4096K)
 Metaspace       used 148271K, capacity 153831K, committed 154444K, reserved 1183744K
  class space    used 18190K, capacity 20154K, committed 20300K, reserved 1048576K
}
Event: 2517.351 GC heap before
{Heap before GC invocations=309 (full 0):
 garbage-first heap   total 254976K, used 213450K [0x0000000080000000, 0x0000000100000000)
  region size 1024K, 63 young (64512K), 4 survivors (4096K)
 Metaspace       used 148323K, capacity 153900K, committed 154444K, reserved 1183744K
  class space    used 18190K, capacity 20154K, committed 20300K, reserved 1048576K
}
Event: 2517.364 GC heap after
{Heap after GC invocations=310 (full 0):
 garbage-first heap   total 254976K, used 160565K [0x0000000080000000, 0x0000000100000000)
  region size 1024K, 8 young (8192K), 8 survivors (8192K)
 Metaspace       used 148323K, capacity 153900K, committed 154444K, reserved 1183744K
  class space    used 18190K, capacity 20154K, committed 20300K, reserved 1048576K
}
Event: 2517.475 GC heap before
{Heap before GC invocations=310 (full 0):
 garbage-first heap   total 254976K, used 164661K [0x0000000080000000, 0x0000000100000000)
  region size 1024K, 12 young (12288K), 8 survivors (8192K)
 Metaspace       used 148349K, capacity 153939K, committed 154444K, reserved 1183744K
  class space    used 18197K, capacity 20166K, committed 20300K, reserved 1048576K
}
Event: 2517.497 GC heap after
{Heap after GC invocations=311 (full 0):
 garbage-first heap   total 254976K, used 158013K [0x0000000080000000, 0x0000000100000000)
  region size 1024K, 1 young (1024K), 1 survivors (1024K)
 Metaspace       used 148349K, capacity 153939K, committed 154444K, reserved 1183744K
  class space    used 18197K, capacity 20166K, committed 20300K, reserved 1048576K
}
Event: 2517.581 GC heap before
{Heap before GC invocations=311 (full 0):
 garbage-first heap   total 254976K, used 172349K [0x0000000080000000, 0x0000000100000000)
  region size 1024K, 16 young (16384K), 1 survivors (1024K)
 Metaspace       used 148354K, capacity 153939K, committed 154444K, reserved 1183744K
  class space    used 18197K, capacity 20166K, committed 20300K, reserved 1048576K
}
Event: 2517.585 GC heap after
{Heap after GC invocations=312 (full 0):
 garbage-first heap   total 254976K, used 158045K [0x0000000080000000, 0x0000000100000000)
  region size 1024K, 2 young (2048K), 2 survivors (2048K)
 Metaspace       used 148354K, capacity 153939K, committed 154444K, reserved 1183744K
  class space    used 18197K, capacity 20166K, committed 20300K, reserved 1048576K
}
Event: 3321.179 GC heap before
{Heap before GC invocations=313 (full 0):
 garbage-first heap   total 254976K, used 236893K [0x0000000080000000, 0x0000000100000000)
  region size 1024K, 48 young (49152K), 2 survivors (2048K)
 Metaspace       used 148383K, capacity 153939K, committed 154444K, reserved 1183744K
  class space    used 18197K, capacity 20166K, committed 20300K, reserved 1048576K
}
Event: 3321.186 GC heap after
{Heap after GC invocations=314 (full 0):
 garbage-first heap   total 254976K, used 156989K [0x0000000080000000, 0x0000000100000000)
  region size 1024K, 2 young (2048K), 2 survivors (2048K)
 Metaspace       used 148383K, capacity 153939K, committed 154444K, reserved 1183744K
  class space    used 18197K, capacity 20166K, committed 20300K, reserved 1048576K
}
Event: 3321.305 GC heap before
{Heap before GC invocations=314 (full 0):
 garbage-first heap   total 254976K, used 167229K [0x0000000080000000, 0x0000000100000000)
  region size 1024K, 12 young (12288K), 2 survivors (2048K)
 Metaspace       used 148401K, capacity 153939K, committed 154444K, reserved 1183744K
  class space    used 18197K, capacity 20166K, committed 20300K, reserved 1048576K
}
Event: 3321.318 GC heap after
{Heap after GC invocations=315 (full 0):
 garbage-first heap   total 254976K, used 145389K [0x0000000080000000, 0x0000000100000000)
  region size 1024K, 2 young (2048K), 2 survivors (2048K)
 Metaspace       used 148401K, capacity 153939K, committed 154444K, reserved 1183744K
  class space    used 18197K, capacity 20166K, committed 20300K, reserved 1048576K
}

